<?xml version="1.0" encoding="UTF-8"?>
<testsuite xmlns:xsi="http://www.w3.org/2001/XMLSchema-instance" xsi:noNamespaceSchemaLocation="https://maven.apache.org/surefire/maven-surefire-plugin/xsd/surefire-test-report.xsd" version="3.0.2" name="telran.java55.ApplicationTests" time="10.837" tests="1" errors="0" skipped="0" failures="0">
  <properties>
[...]
</properties>
  <testcase name="contextLoads" classname="telran.java55.ApplicationTests" time="2.773">
    <system-out><![CDATA[18:42:20.881 [main] INFO org.springframework.test.context.support.AnnotationConfigContextLoaderUtils -- Could not detect default configuration classes for test class [telran.java55.ApplicationTests]: ApplicationTests does not declare any static, non-private, non-final, nested classes annotated with @Configuration.
18:42:21.267 [main] INFO org.springframework.boot.test.context.SpringBootTestContextBootstrapper -- Found @SpringBootConfiguration telran.java55.Application for test class telran.java55.ApplicationTests

  .   ____          _            __ _ _
 /\\ / ___'_ __ _ _(_)_ __  __ _ \ \ \ \
( ( )\___ | '_ | '_| | '_ \/ _` | \ \ \ \
 \\/  ___)| |_)| | | | | || (_| |  ) ) ) )
  '  |____| .__|_| |_|_| |_\__, | / / / /
 =========|_|==============|___/=/_/_/_/

 :: Spring Boot ::                (v3.4.1)

2025-01-13T18:42:22.359+02:00  INFO 30560 --- [06_Forum-Service-MongoDB] [           main] telran.java55.ApplicationTests           : Starting ApplicationTests using Java 23.0.1 with PID 30560 (started by azeri in C:\Users\azeri\eclipse-workspace\06_Forum-Service-MongoDB)
2025-01-13T18:42:22.360+02:00  INFO 30560 --- [06_Forum-Service-MongoDB] [           main] telran.java55.ApplicationTests           : No active profile set, falling back to 1 default profile: "default"
2025-01-13T18:42:24.036+02:00  INFO 30560 --- [06_Forum-Service-MongoDB] [           main] .s.d.r.c.RepositoryConfigurationDelegate : Bootstrapping Spring Data MongoDB repositories in DEFAULT mode.
2025-01-13T18:42:24.220+02:00  INFO 30560 --- [06_Forum-Service-MongoDB] [           main] .s.d.r.c.RepositoryConfigurationDelegate : Finished Spring Data repository scanning in 135 ms. Found 1 MongoDB repository interface.
2025-01-13T18:42:25.597+02:00  INFO 30560 --- [06_Forum-Service-MongoDB] [ea0.mongodb.net] org.mongodb.driver.cluster               : Adding discovered server studentservice-shard-00-01.bqea0.mongodb.net:27017 to client view of cluster
2025-01-13T18:42:25.633+02:00  INFO 30560 --- [06_Forum-Service-MongoDB] [           main] org.mongodb.driver.client                : MongoClient with metadata {"application": {"name": "StudentService"}, "driver": {"name": "mongo-java-driver|sync|spring-boot", "version": "5.2.1"}, "os": {"type": "Windows", "name": "Windows 11", "architecture": "amd64", "version": "10.0"}, "platform": "Java/Oracle Corporation/23.0.1+11-39"} created with settings MongoClientSettings{readPreference=primary, writeConcern=WriteConcern{w=majority, wTimeout=null ms, journal=null}, retryWrites=true, retryReads=true, readConcern=ReadConcern{level=null}, credential=MongoCredential{mechanism=null, userName='shaxmar', source='admin', password=<hidden>, mechanismProperties=<hidden>}, transportSettings=null, commandListeners=[], codecRegistry=ProvidersCodecRegistry{codecProviders=[ValueCodecProvider{}, BsonValueCodecProvider{}, DBRefCodecProvider{}, DBObjectCodecProvider{}, DocumentCodecProvider{}, CollectionCodecProvider{}, IterableCodecProvider{}, MapCodecProvider{}, GeoJsonCodecProvider{}, GridFSFileCodecProvider{}, Jsr310CodecProvider{}, JsonObjectCodecProvider{}, BsonCodecProvider{}, EnumCodecProvider{}, com.mongodb.client.model.mql.ExpressionCodecProvider@4091b9c3, com.mongodb.Jep395RecordCodecProvider@29050de5, com.mongodb.KotlinCodecProvider@3610f277]}, loggerSettings=LoggerSettings{maxDocumentLength=1000}, clusterSettings={hosts=[127.0.0.1:27017], srvHost=studentservice.bqea0.mongodb.net, srvServiceName=mongodb, mode=MULTIPLE, requiredClusterType=REPLICA_SET, requiredReplicaSetName='atlas-10p27g-shard-0', serverSelector='null', clusterListeners='[]', serverSelectionTimeout='30000 ms', localThreshold='15 ms'}, socketSettings=SocketSettings{connectTimeoutMS=10000, readTimeoutMS=0, receiveBufferSize=0, proxySettings=ProxySettings{host=null, port=null, username=null, password=null}}, heartbeatSocketSettings=SocketSettings{connectTimeoutMS=10000, readTimeoutMS=10000, receiveBufferSize=0, proxySettings=ProxySettings{host=null, port=null, username=null, password=null}}, connectionPoolSettings=ConnectionPoolSettings{maxSize=100, minSize=0, maxWaitTimeMS=120000, maxConnectionLifeTimeMS=0, maxConnectionIdleTimeMS=0, maintenanceInitialDelayMS=0, maintenanceFrequencyMS=60000, connectionPoolListeners=[], maxConnecting=2}, serverSettings=ServerSettings{heartbeatFrequencyMS=10000, minHeartbeatFrequencyMS=500, serverMonitoringMode=AUTO, serverListeners='[]', serverMonitorListeners='[]'}, sslSettings=SslSettings{enabled=true, invalidHostNameAllowed=false, context=null}, applicationName='StudentService', compressorList=[], uuidRepresentation=JAVA_LEGACY, serverApi=null, autoEncryptionSettings=null, dnsClient=null, inetAddressResolver=null, contextProvider=null, timeoutMS=null}
2025-01-13T18:42:25.692+02:00  INFO 30560 --- [06_Forum-Service-MongoDB] [ea0.mongodb.net] org.mongodb.driver.cluster               : Adding discovered server studentservice-shard-00-00.bqea0.mongodb.net:27017 to client view of cluster
2025-01-13T18:42:25.697+02:00  INFO 30560 --- [06_Forum-Service-MongoDB] [ea0.mongodb.net] org.mongodb.driver.cluster               : Adding discovered server studentservice-shard-00-02.bqea0.mongodb.net:27017 to client view of cluster
2025-01-13T18:42:27.328+02:00  INFO 30560 --- [06_Forum-Service-MongoDB] [ngodb.net:27017] org.mongodb.driver.cluster               : Monitor thread successfully connected to server with description ServerDescription{address=studentservice-shard-00-02.bqea0.mongodb.net:27017, type=REPLICA_SET_SECONDARY, cryptd=false, state=CONNECTED, ok=true, minWireVersion=0, maxWireVersion=25, maxDocumentSize=16777216, logicalSessionTimeoutMinutes=30, roundTripTimeNanos=815916700, minRoundTripTimeNanos=0, setName='atlas-10p27g-shard-0', canonicalAddress=studentservice-shard-00-02.bqea0.mongodb.net:27017, hosts=[studentservice-shard-00-00.bqea0.mongodb.net:27017, studentservice-shard-00-01.bqea0.mongodb.net:27017, studentservice-shard-00-02.bqea0.mongodb.net:27017], passives=[], arbiters=[], primary='studentservice-shard-00-01.bqea0.mongodb.net:27017', tagSet=TagSet{[Tag{name='availabilityZone', value='mes1-az3'}, Tag{name='diskState', value='READY'}, Tag{name='nodeType', value='ELECTABLE'}, Tag{name='provider', value='AWS'}, Tag{name='region', value='ME_SOUTH_1'}, Tag{name='workloadType', value='OPERATIONAL'}]}, electionId=null, setVersion=1, topologyVersion=TopologyVersion{processId=677c084689c795f1a3eccc6c, counter=3}, lastWriteDate=Mon Jan 13 18:42:25 IST 2025, lastUpdateTimeNanos=96966877169700}
2025-01-13T18:42:27.328+02:00  INFO 30560 --- [06_Forum-Service-MongoDB] [ngodb.net:27017] org.mongodb.driver.cluster               : Monitor thread successfully connected to server with description ServerDescription{address=studentservice-shard-00-01.bqea0.mongodb.net:27017, type=REPLICA_SET_PRIMARY, cryptd=false, state=CONNECTED, ok=true, minWireVersion=0, maxWireVersion=25, maxDocumentSize=16777216, logicalSessionTimeoutMinutes=30, roundTripTimeNanos=815684300, minRoundTripTimeNanos=0, setName='atlas-10p27g-shard-0', canonicalAddress=studentservice-shard-00-01.bqea0.mongodb.net:27017, hosts=[studentservice-shard-00-00.bqea0.mongodb.net:27017, studentservice-shard-00-01.bqea0.mongodb.net:27017, studentservice-shard-00-02.bqea0.mongodb.net:27017], passives=[], arbiters=[], primary='studentservice-shard-00-01.bqea0.mongodb.net:27017', tagSet=TagSet{[Tag{name='availabilityZone', value='mes1-az2'}, Tag{name='diskState', value='READY'}, Tag{name='nodeType', value='ELECTABLE'}, Tag{name='provider', value='AWS'}, Tag{name='region', value='ME_SOUTH_1'}, Tag{name='workloadType', value='OPERATIONAL'}]}, electionId=7fffffff0000000000000003, setVersion=1, topologyVersion=TopologyVersion{processId=677c050dc36a185c76807606, counter=6}, lastWriteDate=Mon Jan 13 18:42:25 IST 2025, lastUpdateTimeNanos=96966877213600}
2025-01-13T18:42:27.329+02:00  INFO 30560 --- [06_Forum-Service-MongoDB] [ngodb.net:27017] org.mongodb.driver.cluster               : Monitor thread successfully connected to server with description ServerDescription{address=studentservice-shard-00-00.bqea0.mongodb.net:27017, type=REPLICA_SET_SECONDARY, cryptd=false, state=CONNECTED, ok=true, minWireVersion=0, maxWireVersion=25, maxDocumentSize=16777216, logicalSessionTimeoutMinutes=30, roundTripTimeNanos=829901800, minRoundTripTimeNanos=0, setName='atlas-10p27g-shard-0', canonicalAddress=studentservice-shard-00-00.bqea0.mongodb.net:27017, hosts=[studentservice-shard-00-00.bqea0.mongodb.net:27017, studentservice-shard-00-01.bqea0.mongodb.net:27017, studentservice-shard-00-02.bqea0.mongodb.net:27017], passives=[], arbiters=[], primary='studentservice-shard-00-01.bqea0.mongodb.net:27017', tagSet=TagSet{[Tag{name='availabilityZone', value='mes1-az1'}, Tag{name='diskState', value='READY'}, Tag{name='nodeType', value='ELECTABLE'}, Tag{name='provider', value='AWS'}, Tag{name='region', value='ME_SOUTH_1'}, Tag{name='workloadType', value='OPERATIONAL'}]}, electionId=null, setVersion=1, topologyVersion=TopologyVersion{processId=677c022f855ead37ab9f4aad, counter=4}, lastWriteDate=Mon Jan 13 18:42:25 IST 2025, lastUpdateTimeNanos=96966877449700}
2025-01-13T18:42:27.337+02:00  INFO 30560 --- [06_Forum-Service-MongoDB] [ngodb.net:27017] org.mongodb.driver.cluster               : Discovered replica set primary studentservice-shard-00-01.bqea0.mongodb.net:27017 with max election id 7fffffff0000000000000003 and max set version 1
2025-01-13T18:42:28.412+02:00  INFO 30560 --- [06_Forum-Service-MongoDB] [           main] telran.java55.ApplicationTests           : Started ApplicationTests in 6.754 seconds (process running for 9.659)
]]></system-out>
    <system-err><![CDATA[Mockito is currently self-attaching to enable the inline-mock-maker. This will no longer work in future releases of the JDK. Please add Mockito as an agent to your build what is described in Mockito's documentation: https://javadoc.io/doc/org.mockito/mockito-core/latest/org/mockito/Mockito.html#0.3
WARNING: A Java agent has been loaded dynamically (C:\Users\azeri\.m2\repository\net\bytebuddy\byte-buddy-agent\1.15.11\byte-buddy-agent-1.15.11.jar)
WARNING: If a serviceability tool is in use, please run with -XX:+EnableDynamicAgentLoading to hide this warning
WARNING: If a serviceability tool is not in use, please run with -Djdk.instrument.traceUsage for more information
WARNING: Dynamic loading of agents will be disallowed by default in a future release
]]></system-err>
  </testcase>
</testsuite>